(.venv) PS C:\Users\Aryasatya Alaauddin\soka\task-scheduling> python scheduler.py
Berhasil memuat 20 tugas dari dataset.txt
ðŸš€ Memulai Optimized Cloudy-GSA (1000 iterasi)...
ðŸ“Š Fitness Awal: 807363.22
âœ¨ Iterasi 0: Fitness = 505578.69 (â†“ 301784.53)
âœ¨ Iterasi 24: Fitness = 498733.60 (â†“ 6845.09)
âœ¨ Iterasi 43: Fitness = 497339.16 (â†“ 1394.43)
âœ¨ Iterasi 52: Fitness = 480358.60 (â†“ 16980.57)
âœ¨ Iterasi 78: Fitness = 451897.57 (â†“ 28461.03)
âœ¨ Iterasi 79: Fitness = 374307.20 (â†“ 77590.37)
âœ¨ Iterasi 97: Fitness = 360202.19 (â†“ 14105.02)
âœ¨ Iterasi 110: Fitness = 338743.29 (â†“ 21458.90)
âœ¨ Iterasi 114: Fitness = 312788.45 (â†“ 25954.84)
âœ¨ Iterasi 135: Fitness = 297995.10 (â†“ 14793.36)
âœ¨ Iterasi 143: Fitness = 288525.64 (â†“ 9469.46)
âœ¨ Iterasi 145: Fitness = 286012.17 (â†“ 2513.46)
âœ¨ Iterasi 148: Fitness = 282833.12 (â†“ 3179.05)
âœ¨ Iterasi 177: Fitness = 280674.78 (â†“ 2158.34)
âœ¨ Iterasi 189: Fitness = 277119.40 (â†“ 3555.38)
âœ¨ Iterasi 199: Fitness = 276587.91 (â†“ 531.49)
âœ¨ Iterasi 208: Fitness = 275247.55 (â†“ 1340.36)
âœ¨ Iterasi 237: Fitness = 273038.93 (â†“ 2208.62)
âœ¨ Iterasi 241: Fitness = 270749.94 (â†“ 2288.99)
âœ¨ Iterasi 277: Fitness = 270625.00 (â†“ 124.94)
ðŸ”„ Restart di iterasi 428 (stagnasi terdeteksi)
ðŸ”„ Restart di iterasi 579 (stagnasi terdeteksi)
ðŸ”„ Restart di iterasi 730 (stagnasi terdeteksi)
ðŸ”„ Restart di iterasi 881 (stagnasi terdeteksi)
âœ… Selesai! Fitness Terbaik: 270625.00
ðŸ“ˆ Makespan: 520000.00s
ðŸ“Š Std Dev: 3750.00s
âš–ï¸  Load Balance: [510000. 520000. 512500. 512500.]

Penugasan Tugas Terbaik Ditemukan:
  - Tugas 0 -> vm2
  - Tugas 1 -> vm4
  - Tugas 2 -> vm2
  - Tugas 3 -> vm2
  - Tugas 4 -> vm4
  - Tugas 5 -> vm3
  - Tugas 6 -> vm3
  - Tugas 7 -> vm3
  - Tugas 8 -> vm1
  - Tugas 9 -> vm4
  - ... etc.

Memulai eksekusi 20 tugas secara paralel...
Mengeksekusi task-6-0 (idx: 0) di vm2 (IP: 10.15.42.78)...
Mengeksekusi task-5-1 (idx: 1) di vm4 (IP: 10.15.42.80)...
Mengeksekusi task-8-2 (idx: 2) di vm2 (IP: 10.15.42.78)...
Mengeksekusi task-10-4 (idx: 4) di vm4 (IP: 10.15.42.80)...
Mengeksekusi task-3-5 (idx: 5) di vm3 (IP: 10.15.42.79)...
Mengeksekusi task-4-6 (idx: 6) di vm3 (IP: 10.15.42.79)...
Mengeksekusi task-4-7 (idx: 7) di vm3 (IP: 10.15.42.79)...
Mengeksekusi task-7-8 (idx: 8) di vm1 (IP: 10.15.42.77)...
Mengeksekusi task-3-9 (idx: 9) di vm4 (IP: 10.15.42.80)...
Mengeksekusi task-9-10 (idx: 10) di vm4 (IP: 10.15.42.80)...
Mengeksekusi task-7-12 (idx: 12) di vm4 (IP: 10.15.42.80)...
Mengeksekusi task-9-13 (idx: 13) di vm4 (IP: 10.15.42.80)...
Mengeksekusi task-8-15 (idx: 15) di vm3 (IP: 10.15.42.79)...
Mengeksekusi task-2-16 (idx: 16) di vm4 (IP: 10.15.42.80)...
Mengeksekusi task-5-17 (idx: 17) di vm4 (IP: 10.15.42.80)...
Selesai task-4-7 (idx: 7) di vm3. Waktu: 1.8491s
Mengeksekusi task-10-19 (idx: 19) di vm3 (IP: 10.15.42.79)...
Selesai task-3-5 (idx: 5) di vm3. Waktu: 2.7707s
Selesai task-4-6 (idx: 6) di vm3. Waktu: 4.4357s
Selesai task-9-13 (idx: 13) di vm4. Waktu: 5.0194s
Mengeksekusi task-6-18 (idx: 18) di vm4 (IP: 10.15.42.80)...
Selesai task-2-16 (idx: 16) di vm4. Waktu: 5.1883s
Selesai task-6-0 (idx: 0) di vm2. Waktu: 7.7657s
Mengeksekusi task-2-3 (idx: 3) di vm2 (IP: 10.15.42.78)...
Selesai task-7-12 (idx: 12) di vm4. Waktu: 8.1961s
Selesai task-8-15 (idx: 15) di vm3. Waktu: 11.3646s
Selesai task-10-4 (idx: 4) di vm4. Waktu: 14.1401s
Selesai task-5-17 (idx: 17) di vm4. Waktu: 15.5754s
Selesai task-9-10 (idx: 10) di vm4. Waktu: 20.4226s
Selesai task-7-8 (idx: 8) di vm1. Waktu: 21.4068s
Mengeksekusi task-1-11 (idx: 11) di vm1 (IP: 10.15.42.77)...
Selesai task-8-2 (idx: 2) di vm2. Waktu: 21.5404s
Selesai task-1-11 (idx: 11) di vm1. Waktu: 0.4481s
Mengeksekusi task-1-14 (idx: 14) di vm1 (IP: 10.15.42.77)...
Selesai task-5-1 (idx: 1) di vm4. Waktu: 22.0253s
Selesai task-10-19 (idx: 19) di vm3. Waktu: 20.1725s
Selesai task-1-14 (idx: 14) di vm1. Waktu: 0.4208s
Selesai task-2-3 (idx: 3) di vm2. Waktu: 14.6194s
Selesai task-3-9 (idx: 9) di vm4. Waktu: 22.6352s
Selesai task-6-18 (idx: 18) di vm4. Waktu: 19.7615s

Semua eksekusi tugas selesai dalam 24.7979 detik.

Data hasil eksekusi disimpan ke result.csv

--- Hasil ---
Total Tugas Selesai       : 20
Makespan (Waktu Total)    : 24.7979 detik
Throughput                : 0.8065 tugas/detik
Total CPU Time            : 239.7577 detik
Total Wait Time           : 57.8701 detik
Average Start Time (rel)  : 2.9063 detik
Average Execution Time    : 11.9879 detik
Average Finish Time (rel) : 14.8942 detik
Imbalance Degree          : 1.8467
Resource Utilization (CPU): 64.4565%