Mempersiapkan 10 kali pengujian...

--- Memulai Test Run ke-1 ---
Memulai SHC (1000 iterasi per restart, 5 restarts)...
  [Restart 1] Makespan Terbaik: 2720000.00
  [Restart 2] Makespan Terbaik: 2350000.00
  [Restart 3] Makespan Terbaik: 1360000.00
  [Restart 4] Makespan Terbaik: 1610000.00
  [Restart 5] Makespan Terbaik: 1155000.00
SHC Selesai. Global Makespan Terbaik: 1155000.00
Run 1: Mengeksekusi 50 tugas...
Run 1 selesai dalam 51.4220 detik.
Run 1 Metrics -> Makespan: 51.42s, Utilization: 87.95%

--- Memulai Test Run ke-2 ---
Memulai SHC (1000 iterasi per restart, 5 restarts)...
  [Restart 1] Makespan Terbaik: 1780000.00
  [Restart 2] Makespan Terbaik: 1380000.00
  [Restart 3] Makespan Terbaik: 3170000.00
  [Restart 4] Makespan Terbaik: 2180000.00
  [Restart 5] Makespan Terbaik: 1192500.00
SHC Selesai. Global Makespan Terbaik: 1192500.00
Run 2: Mengeksekusi 50 tugas...
Run 2 selesai dalam 53.1090 detik.
Run 2 Metrics -> Makespan: 53.11s, Utilization: 81.30%

--- Memulai Test Run ke-3 ---
Memulai SHC (1000 iterasi per restart, 5 restarts)...
  [Restart 1] Makespan Terbaik: 1490000.00
  [Restart 2] Makespan Terbaik: 1150000.00
  [Restart 3] Makespan Terbaik: 1645000.00
  [Restart 4] Makespan Terbaik: 1150000.00
  [Restart 5] Makespan Terbaik: 1150000.00
SHC Selesai. Global Makespan Terbaik: 1150000.00
Run 3: Mengeksekusi 50 tugas...
Error pada task-9-10 di vm1: Server error '500 Internal Server Error' for url 'http://10.15.42.77:5000/task/9'
For more information check: https://developer.mozilla.org/en-US/docs/Web/HTTP/Status/500
Run 3 selesai dalam 51.7030 detik.
Run 3 Metrics -> Makespan: 51.70s, Utilization: 85.07%

--- Memulai Test Run ke-4 ---
Memulai SHC (1000 iterasi per restart, 5 restarts)...
  [Restart 1] Makespan Terbaik: 1160000.00
  [Restart 2] Makespan Terbaik: 1155000.00
  [Restart 3] Makespan Terbaik: 1155000.00
  [Restart 4] Makespan Terbaik: 1455000.00
  [Restart 5] Makespan Terbaik: 1157500.00
SHC Selesai. Global Makespan Terbaik: 1155000.00
Run 4: Mengeksekusi 50 tugas...
Run 4 selesai dalam 51.9690 detik.
Run 4 Metrics -> Makespan: 51.97s, Utilization: 84.98%

--- Memulai Test Run ke-5 ---
Memulai SHC (1000 iterasi per restart, 5 restarts)...
  [Restart 1] Makespan Terbaik: 1160000.00
  [Restart 2] Makespan Terbaik: 1165000.00
  [Restart 3] Makespan Terbaik: 1150000.00
  [Restart 4] Makespan Terbaik: 1180000.00
  [Restart 5] Makespan Terbaik: 1150000.00
SHC Selesai. Global Makespan Terbaik: 1150000.00
Run 5: Mengeksekusi 50 tugas...
Run 5 selesai dalam 51.9220 detik.
Run 5 Metrics -> Makespan: 51.92s, Utilization: 87.12%

--- Memulai Test Run ke-6 ---
Memulai SHC (1000 iterasi per restart, 5 restarts)...
  [Restart 1] Makespan Terbaik: 1152500.00
  [Restart 2] Makespan Terbaik: 1150000.00
  [Restart 3] Makespan Terbaik: 1150000.00
  [Restart 4] Makespan Terbaik: 1155000.00
  [Restart 5] Makespan Terbaik: 1590000.00
SHC Selesai. Global Makespan Terbaik: 1150000.00
Run 6: Mengeksekusi 50 tugas...
Run 6 selesai dalam 52.9840 detik.
Run 6 Metrics -> Makespan: 52.98s, Utilization: 85.84%

--- Memulai Test Run ke-7 ---
Memulai SHC (1000 iterasi per restart, 5 restarts)...
  [Restart 1] Makespan Terbaik: 1260000.00
  [Restart 2] Makespan Terbaik: 1660000.00
  [Restart 3] Makespan Terbaik: 1150000.00
  [Restart 4] Makespan Terbaik: 1450000.00
  [Restart 5] Makespan Terbaik: 1170000.00
SHC Selesai. Global Makespan Terbaik: 1150000.00
Run 7: Mengeksekusi 50 tugas...
Run 7 selesai dalam 51.8590 detik.
Run 7 Metrics -> Makespan: 51.86s, Utilization: 87.79%

--- Memulai Test Run ke-8 ---
Memulai SHC (1000 iterasi per restart, 5 restarts)...
  [Restart 1] Makespan Terbaik: 2340000.00
  [Restart 2] Makespan Terbaik: 1155000.00
  [Restart 3] Makespan Terbaik: 1880000.00
  [Restart 4] Makespan Terbaik: 1220000.00
  [Restart 5] Makespan Terbaik: 1655000.00
SHC Selesai. Global Makespan Terbaik: 1155000.00
Run 8: Mengeksekusi 50 tugas...
Run 8 selesai dalam 52.7190 detik.
Run 8 Metrics -> Makespan: 52.72s, Utilization: 87.24%

--- Memulai Test Run ke-9 ---
Memulai SHC (1000 iterasi per restart, 5 restarts)...
  [Restart 1] Makespan Terbaik: 1170000.00
  [Restart 2] Makespan Terbaik: 1150000.00
  [Restart 3] Makespan Terbaik: 1620000.00
  [Restart 4] Makespan Terbaik: 1160000.00
  [Restart 5] Makespan Terbaik: 1205000.00
SHC Selesai. Global Makespan Terbaik: 1150000.00
Run 9: Mengeksekusi 50 tugas...
Run 9 selesai dalam 51.7340 detik.
Run 9 Metrics -> Makespan: 51.73s, Utilization: 88.76%

--- Memulai Test Run ke-10 ---
Memulai SHC (1000 iterasi per restart, 5 restarts)...
  [Restart 1] Makespan Terbaik: 1930000.00
  [Restart 2] Makespan Terbaik: 1870000.00
  [Restart 3] Makespan Terbaik: 1210000.00
  [Restart 4] Makespan Terbaik: 1430000.00
  [Restart 5] Makespan Terbaik: 1150000.00
SHC Selesai. Global Makespan Terbaik: 1150000.00
Run 10: Mengeksekusi 50 tugas...
Run 10 selesai dalam 51.8910 detik.
Run 10 Metrics -> Makespan: 51.89s, Utilization: 87.53%

RATA-RATA METRIK DARI SEMUA RUN:
Makespan                 : 52.1312
Throughput               : 0.9573
Total CPU Time           : 675.1828
Total Wait Time          : 757.8307
Avg Execution Time       : 13.5306
Avg Wait Time            : 15.1865
Imbalance Degree         : 1.8438
Resource Utilization     : 86.3575%

(venv) PS C:\Users\fiorenza\SOKA-A-Kelompok-C-Task-Scheduling-Algorithm> git push origin shc-run       
Enumerating objects: 16, done.
Counting objects: 100% (16/16), done.
Delta compression using up to 16 threads
Compressing objects: 100% (14/14), done.
Writing objects: 100% (14/14), 12.55 KiB | 1.25 MiB/s, done.
Total 14 (delta 2), reused 0 (delta 0), pack-reused 0 (from 0)
remote: Resolving deltas: 100% (2/2), completed with 2 local objects.
To https://github.com/Ax3lrod/SOKA-A-Kelompok-C-Task-Scheduling-Algorithm
   cdf2ce5..e911c45  shc-run -> shc-run
(venv) PS C:\Users\fiorenza\SOKA-A-Kelompok-C-Task-Scheduling-Algorithm> python scheduler.py           
Mempersiapkan 10 kali pengujian...

--- Memulai Test Run ke-1 ---
Memulai SHC (1000 iterasi per restart, 5 restarts)...
  [Restart 1] Makespan Terbaik: 2130000.00
  [Restart 2] Makespan Terbaik: 1020000.00
  [Restart 3] Makespan Terbaik: 1800000.00
  [Restart 4] Makespan Terbaik: 810000.00
  [Restart 5] Makespan Terbaik: 1330000.00
SHC Selesai. Global Makespan Terbaik: 810000.00
Run 1: Mengeksekusi 250 tugas...
Run 1 selesai dalam 44.5310 detik.
Run 1 Metrics -> Makespan: 44.53s, Utilization: 82.61%

--- Memulai Test Run ke-2 ---
Memulai SHC (1000 iterasi per restart, 5 restarts)...
  [Restart 1] Makespan Terbaik: 815000.00
  [Restart 2] Makespan Terbaik: 920000.00
  [Restart 3] Makespan Terbaik: 1360000.00
  [Restart 4] Makespan Terbaik: 1740000.00
  [Restart 5] Makespan Terbaik: 1345000.00
SHC Selesai. Global Makespan Terbaik: 815000.00
Run 2: Mengeksekusi 250 tugas...
Run 2 selesai dalam 38.0780 detik.
Run 2 Metrics -> Makespan: 38.08s, Utilization: 95.75%

--- Memulai Test Run ke-3 ---
Memulai SHC (1000 iterasi per restart, 5 restarts)...
  [Restart 1] Makespan Terbaik: 915000.00
  [Restart 2] Makespan Terbaik: 2200000.00
  [Restart 3] Makespan Terbaik: 1790000.00
  [Restart 4] Makespan Terbaik: 1480000.00
  [Restart 5] Makespan Terbaik: 1860000.00
SHC Selesai. Global Makespan Terbaik: 915000.00
Run 3: Mengeksekusi 250 tugas...
Run 3 selesai dalam 43.0470 detik.
Run 3 Metrics -> Makespan: 43.05s, Utilization: 84.45%

--- Memulai Test Run ke-4 ---
Memulai SHC (1000 iterasi per restart, 5 restarts)...
  [Restart 1] Makespan Terbaik: 1390000.00
  [Restart 2] Makespan Terbaik: 1890000.00
  [Restart 3] Makespan Terbaik: 1160000.00
  [Restart 4] Makespan Terbaik: 1100000.00
  [Restart 5] Makespan Terbaik: 1920000.00
SHC Selesai. Global Makespan Terbaik: 1100000.00
Run 4: Mengeksekusi 250 tugas...
Run 4 selesai dalam 61.1880 detik.
Run 4 Metrics -> Makespan: 61.19s, Utilization: 63.52%

--- Memulai Test Run ke-5 ---
Memulai SHC (1000 iterasi per restart, 5 restarts)...
  [Restart 1] Makespan Terbaik: 1370000.00
  [Restart 2] Makespan Terbaik: 1620000.00
  [Restart 3] Makespan Terbaik: 1390000.00
  [Restart 4] Makespan Terbaik: 1690000.00
  [Restart 5] Makespan Terbaik: 1280000.00
SHC Selesai. Global Makespan Terbaik: 1280000.00
Run 5: Mengeksekusi 250 tugas...
Run 5 selesai dalam 58.4850 detik.
Run 5 Metrics -> Makespan: 58.49s, Utilization: 62.89%

--- Memulai Test Run ke-6 ---
Memulai SHC (1000 iterasi per restart, 5 restarts)...
  [Restart 1] Makespan Terbaik: 1270000.00
  [Restart 2] Makespan Terbaik: 1350000.00
  [Restart 3] Makespan Terbaik: 1030000.00
  [Restart 4] Makespan Terbaik: 1330000.00
  [Restart 5] Makespan Terbaik: 1280000.00
SHC Selesai. Global Makespan Terbaik: 1030000.00
Run 6: Mengeksekusi 250 tugas...
Run 6 selesai dalam 55.2500 detik.
Run 6 Metrics -> Makespan: 55.25s, Utilization: 66.82%

--- Memulai Test Run ke-7 ---
Memulai SHC (1000 iterasi per restart, 5 restarts)...
  [Restart 1] Makespan Terbaik: 1650000.00
  [Restart 2] Makespan Terbaik: 1710000.00
  [Restart 3] Makespan Terbaik: 1160000.00
  [Restart 4] Makespan Terbaik: 1650000.00
  [Restart 5] Makespan Terbaik: 1830000.00
SHC Selesai. Global Makespan Terbaik: 1160000.00
Run 7: Mengeksekusi 250 tugas...
Run 7 selesai dalam 54.8600 detik.
Run 7 Metrics -> Makespan: 54.86s, Utilization: 66.44%

--- Memulai Test Run ke-8 ---
Memulai SHC (1000 iterasi per restart, 5 restarts)...
  [Restart 1] Makespan Terbaik: 1260000.00
  [Restart 2] Makespan Terbaik: 1035000.00
  [Restart 3] Makespan Terbaik: 1200000.00
  [Restart 4] Makespan Terbaik: 1760000.00
  [Restart 5] Makespan Terbaik: 1140000.00
SHC Selesai. Global Makespan Terbaik: 1035000.00
Run 8: Mengeksekusi 250 tugas...
Run 8 selesai dalam 47.3590 detik.
Run 8 Metrics -> Makespan: 47.36s, Utilization: 77.81%

--- Memulai Test Run ke-9 ---
Memulai SHC (1000 iterasi per restart, 5 restarts)...
  [Restart 1] Makespan Terbaik: 2500000.00
  [Restart 2] Makespan Terbaik: 2590000.00
  [Restart 3] Makespan Terbaik: 1310000.00
  [Restart 4] Makespan Terbaik: 1395000.00
  [Restart 5] Makespan Terbaik: 1410000.00
SHC Selesai. Global Makespan Terbaik: 1310000.00
Run 9: Mengeksekusi 250 tugas...
Error pada task-10-107 di vm1: Server error '500 Internal Server Error' for url 'http://10.15.42.77:5000/task/10'
For more information check: https://developer.mozilla.org/en-US/docs/Web/HTTP/Status/500
Run 9 selesai dalam 61.2820 detik.
Run 9 Metrics -> Makespan: 61.28s, Utilization: 55.15%

--- Memulai Test Run ke-10 ---
Memulai SHC (1000 iterasi per restart, 5 restarts)...
  [Restart 1] Makespan Terbaik: 1380000.00
  [Restart 2] Makespan Terbaik: 1880000.00
  [Restart 3] Makespan Terbaik: 1410000.00
  [Restart 4] Makespan Terbaik: 1270000.00
  [Restart 5] Makespan Terbaik: 1070000.00
SHC Selesai. Global Makespan Terbaik: 1070000.00
Run 10: Mengeksekusi 250 tugas...
Run 10 selesai dalam 55.5470 detik.
Run 10 Metrics -> Makespan: 55.55s, Utilization: 66.38%

========================================
HASIL AKHIR RATA-RATA DARI 10 RUN
========================================
   Makespan  Throughput  Total CPU Time  ...  Avg Wait Time  Imbalance Degree  Resource Utilization
0    44.531    5.614067         551.778  ...      17.529640          1.897154              0.826058    
1    38.078    6.565471         546.876  ...      17.097436          1.954637              0.957466    
2    43.047    5.807606         545.316  ...      19.367316          1.680809              0.844528    
3    61.188    4.085768         583.007  ...      21.082524          1.272932              0.635208    
4    58.485    4.274600         551.701  ...      20.397232          1.350028              0.628880    
5    55.250    4.524887         553.745  ...      19.629848          1.237689              0.668169    
6    54.860    4.557054         546.716  ...      22.523284          1.101464              0.664377    
7    47.359    5.278828         552.729  ...      20.644012          1.455491              0.778070    
8    61.282    4.063183         506.991  ...      24.499474          1.342982              0.551539    
9    55.547    4.500693         553.076  ...      21.259332          1.160774              0.663793    

[10 rows x 8 columns]
----------------------------------------

RATA-RATA METRIK:
Makespan                 : 51.9627
Throughput               : 4.9272
Total CPU Time           : 549.1935
Total Wait Time          : 5098.3025
Avg Execution Time       : 2.1976
Avg Wait Time            : 20.4030
Imbalance Degree         : 1.4454
Resource Utilization     : 72.1809%

Ringkasan metrik disimpan ke 'summary_metrics_10_runs.csv'